11111:
              precision    recall  f1-score   support

        -1.0       0.90      0.93      0.91        83
         1.0       0.95      0.92      0.94       117

    accuracy                           0.93       200
   macro avg       0.92      0.93      0.92       200
weighted avg       0.93      0.93      0.93       200

[[ 77   6]
 [  9 108]]
22222
              precision    recall  f1-score   support

        -1.0       0.90      0.93      0.91        83
         1.0       0.95      0.92      0.94       117

    accuracy                           0.93       200
   macro avg       0.92      0.93      0.92       200
weighted avg       0.93      0.93      0.93       200

[[ 77   6]
 [  9 108]]
SVC(C=0.125, cache_size=200, class_weight='balanced', coef0=0.0,
    decision_function_shape='ovr', degree=3, gamma='auto_deprecated',
    kernel='poly', max_iter=50000000, probability=False, random_state=None,
    shrinking=True, tol=0.001, verbose=False)